# JRE version: Java(TM) SE Runtime Environment (8.0_191-b12) (build 1.8.0_191-b12)
# Java VM: Java HotSpot(TM) Client VM (25.191-b12 mixed mode windows-x86 )
Heap:
 def new generation   total 44672K, used 3051K [0x04c00000, 0x07c70000, 0x0f6a0000)
  eden space 39744K,   4% used [0x04c00000, 0x04dc9d08, 0x072d0000)
  from space 4928K,  24% used [0x077a0000, 0x078d0ef8, 0x07c70000)
  to   space 4928K,   0% used [0x072d0000, 0x072d0000, 0x077a0000)
 tenured generation   total 99020K, used 77160K [0x0f6a0000, 0x15753000, 0x24c00000)
   the space 99020K,  77% used [0x0f6a0000, 0x141fa280, 0x141fa400, 0x15753000)
 Metaspace       used 25625K, capacity 26478K, committed 26624K, reserved 27008K
GC Heap History (10 events):
Event: 1123.255 GC heap before
{Heap before GC invocations=28 (full 3):
 def new generation   total 44672K, used 43179K [0x04c00000, 0x07c70000, 0x0f6a0000)
  eden space 39744K, 100% used [0x04c00000, 0x072d0000, 0x072d0000)
  from space 4928K,  69% used [0x072d0000, 0x0762ace8, 0x077a0000)
  to   space 4928K,   0% used [0x077a0000, 0x077a0000, 0x07c70000)
 tenured generation   total 99020K, used 71150K [0x0f6a0000, 0x15753000, 0x24c00000)
   the space 99020K,  71% used [0x0f6a0000, 0x13c1bb20, 0x13c1bc00, 0x15753000)
 Metaspace       used 25576K, capacity 26376K, committed 26624K, reserved 27008K
Event: 1123.259 GC heap after
Heap after GC invocations=29 (full 3):
 def new generation   total 44672K, used 30K [0x04c00000, 0x07c70000, 0x0f6a0000)
  eden space 39744K,   0% used [0x04c00000, 0x04c00000, 0x072d0000)
  from space 4928K,   0% used [0x077a0000, 0x077a7a20, 0x07c70000)
  to   space 4928K,   0% used [0x072d0000, 0x072d0000, 0x077a0000)
 tenured generation   total 99020K, used 74565K [0x0f6a0000, 0x15753000, 0x24c00000)
   the space 99020K,  75% used [0x0f6a0000, 0x13f71668, 0x13f71800, 0x15753000)
 Metaspace       used 25576K, capacity 26376K, committed 26624K, reserved 27008K
}
Event: 1302.810 GC heap before
{Heap before GC invocations=29 (full 3):
 def new generation   total 44672K, used 39774K [0x04c00000, 0x07c70000, 0x0f6a0000)
  eden space 39744K, 100% used [0x04c00000, 0x072d0000, 0x072d0000)
  from space 4928K,   0% used [0x077a0000, 0x077a7a20, 0x07c70000)
  to   space 4928K,   0% used [0x072d0000, 0x072d0000, 0x077a0000)
 tenured generation   total 99020K, used 74565K [0x0f6a0000, 0x15753000, 0x24c00000)
   the space 99020K,  75% used [0x0f6a0000, 0x13f71668, 0x13f71800, 0x15753000)
 Metaspace       used 25604K, capacity 26426K, committed 26624K, reserved 27008K
Event: 1302.822 GC heap after
Heap after GC invocations=30 (full 3):
 def new generation   total 44672K, used 2652K [0x04c00000, 0x07c70000, 0x0f6a0000)
  eden space 39744K,   0% used [0x04c00000, 0x04c00000, 0x072d0000)
  from space 4928K,  53% used [0x072d0000, 0x07567118, 0x077a0000)
  to   space 4928K,   0% used [0x077a0000, 0x077a0000, 0x07c70000)
 tenured generation   total 99020K, used 74565K [0x0f6a0000, 0x15753000, 0x24c00000)
   the space 99020K,  75% used [0x0f6a0000, 0x13f71668, 0x13f71800, 0x15753000)
 Metaspace       used 25604K, capacity 26426K, committed 26624K, reserved 27008K
}
Event: 1669.685 GC heap before
{Heap before GC invocations=30 (full 3):
 def new generation   total 44672K, used 42396K [0x04c00000, 0x07c70000, 0x0f6a0000)
  eden space 39744K, 100% used [0x04c00000, 0x072d0000, 0x072d0000)
  from space 4928K,  53% used [0x072d0000, 0x07567118, 0x077a0000)
  to   space 4928K,   0% used [0x077a0000, 0x077a0000, 0x07c70000)
 tenured generation   total 99020K, used 74565K [0x0f6a0000, 0x15753000, 0x24c00000)
   the space 99020K,  75% used [0x0f6a0000, 0x13f71668, 0x13f71800, 0x15753000)
 Metaspace       used 25604K, capacity 26426K, committed 26624K, reserved 27008K
Event: 1669.689 GC heap after
Heap after GC invocations=31 (full 3):
 def new generation   total 44672K, used 63K [0x04c00000, 0x07c70000, 0x0f6a0000)
  eden space 39744K,   0% used [0x04c00000, 0x04c00000, 0x072d0000)
  from space 4928K,   1% used [0x077a0000, 0x077afe08, 0x07c70000)
  to   space 4928K,   0% used [0x072d0000, 0x072d0000, 0x077a0000)
 tenured generation   total 99020K, used 77160K [0x0f6a0000, 0x15753000, 0x24c00000)
   the space 99020K,  77% used [0x0f6a0000, 0x141fa280, 0x141fa400, 0x15753000)
 Metaspace       used 25604K, capacity 26426K, committed 26624K, reserved 27008K
}
Event: 2033.500 GC heap before
{Heap before GC invocations=31 (full 3):
 def new generation   total 44672K, used 39807K [0x04c00000, 0x07c70000, 0x0f6a0000)
  eden space 39744K, 100% used [0x04c00000, 0x072d0000, 0x072d0000)
  from space 4928K,   1% used [0x077a0000, 0x077afe08, 0x07c70000)
  to   space 4928K,   0% used [0x072d0000, 0x072d0000, 0x077a0000)
 tenured generation   total 99020K, used 77160K [0x0f6a0000, 0x15753000, 0x24c00000)
   the space 99020K,  77% used [0x0f6a0000, 0x141fa280, 0x141fa400, 0x15753000)
 Metaspace       used 25605K, capacity 26426K, committed 26624K, reserved 27008K
Event: 2033.502 GC heap after
Heap after GC invocations=32 (full 3):
 def new generation   total 44672K, used 43K [0x04c00000, 0x07c70000, 0x0f6a0000)
  eden space 39744K,   0% used [0x04c00000, 0x04c00000, 0x072d0000)
  from space 4928K,   0% used [0x072d0000, 0x072dad08, 0x077a0000)
  to   space 4928K,   0% used [0x077a0000, 0x077a0000, 0x07c70000)
 tenured generation   total 99020K, used 77160K [0x0f6a0000, 0x15753000, 0x24c00000)
   the space 99020K,  77% used [0x0f6a0000, 0x141fa280, 0x141fa400, 0x15753000)
 Metaspace       used 25605K, capacity 26426K, committed 26624K, reserved 27008K
}
Event: 2188.501 GC heap before
{Heap before GC invocations=32 (full 3):
 def new generation   total 44672K, used 39787K [0x04c00000, 0x07c70000, 0x0f6a0000)
  eden space 39744K, 100% used [0x04c00000, 0x072d0000, 0x072d0000)
  from space 4928K,   0% used [0x072d0000, 0x072dad08, 0x077a0000)
  to   space 4928K,   0% used [0x077a0000, 0x077a0000, 0x07c70000)
 tenured generation   total 99020K, used 77160K [0x0f6a0000, 0x15753000, 0x24c00000)
   the space 99020K,  77% used [0x0f6a0000, 0x141fa280, 0x141fa400, 0x15753000)
 Metaspace       used 25625K, capacity 26478K, committed 26624K, reserved 27008K
Event: 2188.505 GC heap after
Heap after GC invocations=33 (full 3):
 def new generation   total 44672K, used 1219K [0x04c00000, 0x07c70000, 0x0f6a0000)
  eden space 39744K,   0% used [0x04c00000, 0x04c00000, 0x072d0000)
  from space 4928K,  24% used [0x077a0000, 0x078d0ef8, 0x07c70000)
  to   space 4928K,   0% used [0x072d0000, 0x072d0000, 0x077a0000)
 tenured generation   total 99020K, used 77160K [0x0f6a0000, 0x15753000, 0x24c00000)
   the space 99020K,  77% used [0x0f6a0000, 0x141fa280, 0x141fa400, 0x15753000)
 Metaspace       used 25625K, capacity 26478K, committed 26624K, reserved 27008K
}

