# JRE version: Java(TM) SE Runtime Environment (8.0_191-b12) (build 1.8.0_191-b12)
# Java VM: Java HotSpot(TM) Client VM (25.191-b12 mixed mode windows-x86 )
Heap:
 def new generation   total 41408K, used 10731K [0x05400000, 0x080e0000, 0x0fea0000)
  eden space 36864K,  16% used [0x05400000, 0x05a0acd0, 0x07800000)
  from space 4544K, 100% used [0x07c70000, 0x080e0000, 0x080e0000)
  to   space 4544K,   0% used [0x07800000, 0x07800000, 0x07c70000)
 tenured generation   total 91748K, used 64624K [0x0fea0000, 0x15839000, 0x25400000)
   the space 91748K,  70% used [0x0fea0000, 0x13dbc390, 0x13dbc400, 0x15839000)
 Metaspace       used 23653K, capacity 24260K, committed 24320K, reserved 24960K
GC Heap History (10 events):
Event: 17.223 GC heap before
{Heap before GC invocations=20 (full 1):
 def new generation   total 39424K, used 35675K [0x05400000, 0x07ec0000, 0x0fea0000)
  eden space 35072K, 100% used [0x05400000, 0x07640000, 0x07640000)
  from space 4352K,  13% used [0x07640000, 0x076d6c30, 0x07a80000)
  to   space 4352K,   0% used [0x07a80000, 0x07a80000, 0x07ec0000)
 tenured generation   total 87424K, used 46147K [0x0fea0000, 0x15400000, 0x25400000)
   the space 87424K,  52% used [0x0fea0000, 0x12bb0d78, 0x12bb0e00, 0x15400000)
 Metaspace       used 17213K, capacity 17628K, committed 17664K, reserved 17792K
Event: 17.238 GC heap after
Heap after GC invocations=21 (full 1):
 def new generation   total 39424K, used 3009K [0x05400000, 0x07ec0000, 0x0fea0000)
  eden space 35072K,   0% used [0x05400000, 0x05400000, 0x07640000)
  from space 4352K,  69% used [0x07a80000, 0x07d70590, 0x07ec0000)
  to   space 4352K,   0% used [0x07640000, 0x07640000, 0x07a80000)
 tenured generation   total 87424K, used 46147K [0x0fea0000, 0x15400000, 0x25400000)
   the space 87424K,  52% used [0x0fea0000, 0x12bb0d78, 0x12bb0e00, 0x15400000)
 Metaspace       used 17213K, capacity 17628K, committed 17664K, reserved 17792K
}
Event: 20.955 GC heap before
{Heap before GC invocations=21 (full 1):
 def new generation   total 39424K, used 38081K [0x05400000, 0x07ec0000, 0x0fea0000)
  eden space 35072K, 100% used [0x05400000, 0x07640000, 0x07640000)
  from space 4352K,  69% used [0x07a80000, 0x07d70590, 0x07ec0000)
  to   space 4352K,   0% used [0x07640000, 0x07640000, 0x07a80000)
 tenured generation   total 87424K, used 46147K [0x0fea0000, 0x15400000, 0x25400000)
   the space 87424K,  52% used [0x0fea0000, 0x12bb0d78, 0x12bb0e00, 0x15400000)
 Metaspace       used 17221K, capacity 17630K, committed 17664K, reserved 17792K
Event: 20.972 GC heap after
Heap after GC invocations=22 (full 1):
 def new generation   total 39424K, used 4031K [0x05400000, 0x07ec0000, 0x0fea0000)
  eden space 35072K,   0% used [0x05400000, 0x05400000, 0x07640000)
  from space 4352K,  92% used [0x07640000, 0x07a2fed0, 0x07a80000)
  to   space 4352K,   0% used [0x07a80000, 0x07a80000, 0x07ec0000)
 tenured generation   total 87424K, used 48868K [0x0fea0000, 0x15400000, 0x25400000)
   the space 87424K,  55% used [0x0fea0000, 0x12e59110, 0x12e59200, 0x15400000)
 Metaspace       used 17221K, capacity 17630K, committed 17664K, reserved 17792K
}
Event: 22.599 GC heap before
{Heap before GC invocations=22 (full 1):
 def new generation   total 39424K, used 39103K [0x05400000, 0x07ec0000, 0x0fea0000)
  eden space 35072K, 100% used [0x05400000, 0x07640000, 0x07640000)
  from space 4352K,  92% used [0x07640000, 0x07a2fed0, 0x07a80000)
  to   space 4352K,   0% used [0x07a80000, 0x07a80000, 0x07ec0000)
 tenured generation   total 87424K, used 48868K [0x0fea0000, 0x15400000, 0x25400000)
   the space 87424K,  55% used [0x0fea0000, 0x12e59110, 0x12e59200, 0x15400000)
 Metaspace       used 17336K, capacity 17852K, committed 17920K, reserved 18816K
Event: 22.615 GC heap after
Heap after GC invocations=23 (full 1):
 def new generation   total 39424K, used 4275K [0x05400000, 0x07ec0000, 0x0fea0000)
  eden space 35072K,   0% used [0x05400000, 0x05400000, 0x07640000)
  from space 4352K,  98% used [0x07a80000, 0x07eacf78, 0x07ec0000)
  to   space 4352K,   0% used [0x07640000, 0x07640000, 0x07a80000)
 tenured generation   total 87424K, used 50792K [0x0fea0000, 0x15400000, 0x25400000)
   the space 87424K,  58% used [0x0fea0000, 0x1303a238, 0x1303a400, 0x15400000)
 Metaspace       used 17336K, capacity 17852K, committed 17920K, reserved 18816K
}
Event: 26.371 GC heap before
{Heap before GC invocations=23 (full 1):
 def new generation   total 39424K, used 22166K [0x05400000, 0x07ec0000, 0x0fea0000)
  eden space 35072K,  51% used [0x05400000, 0x06578938, 0x07640000)
  from space 4352K,  98% used [0x07a80000, 0x07eacf78, 0x07ec0000)
  to   space 4352K,   0% used [0x07640000, 0x07640000, 0x07a80000)
 tenured generation   total 87424K, used 50792K [0x0fea0000, 0x15400000, 0x25400000)
   the space 87424K,  58% used [0x0fea0000, 0x1303a238, 0x1303a400, 0x15400000)
 Metaspace       used 19889K, capacity 20424K, committed 20480K, reserved 20864K
Event: 26.465 GC heap after
Heap after GC invocations=24 (full 2):
 def new generation   total 41408K, used 0K [0x05400000, 0x080e0000, 0x0fea0000)
  eden space 36864K,   0% used [0x05400000, 0x05400000, 0x07800000)
  from space 4544K,   0% used [0x07800000, 0x07800000, 0x07c70000)
  to   space 4544K,   0% used [0x07c70000, 0x07c70000, 0x080e0000)
 tenured generation   total 91748K, used 55047K [0x0fea0000, 0x15839000, 0x25400000)
   the space 91748K,  59% used [0x0fea0000, 0x13461f68, 0x13462000, 0x15839000)
 Metaspace       used 19889K, capacity 20424K, committed 20480K, reserved 20864K
}
Event: 27.706 GC heap before
{Heap before GC invocations=24 (full 2):
 def new generation   total 41408K, used 36864K [0x05400000, 0x080e0000, 0x0fea0000)
  eden space 36864K, 100% used [0x05400000, 0x07800000, 0x07800000)
  from space 4544K,   0% used [0x07800000, 0x07800000, 0x07c70000)
  to   space 4544K,   0% used [0x07c70000, 0x07c70000, 0x080e0000)
 tenured generation   total 91748K, used 55047K [0x0fea0000, 0x15839000, 0x25400000)
   the space 91748K,  59% used [0x0fea0000, 0x13461f68, 0x13462000, 0x15839000)
 Metaspace       used 23070K, capacity 23682K, committed 23808K, reserved 23936K
Event: 27.724 GC heap after
Heap after GC invocations=25 (full 2):
 def new generation   total 41408K, used 4544K [0x05400000, 0x080e0000, 0x0fea0000)
  eden space 36864K,   0% used [0x05400000, 0x05400000, 0x07800000)
  from space 4544K, 100% used [0x07c70000, 0x080e0000, 0x080e0000)
  to   space 4544K,   0% used [0x07800000, 0x07800000, 0x07c70000)
 tenured generation   total 91748K, used 64624K [0x0fea0000, 0x15839000, 0x25400000)
   the space 91748K,  70% used [0x0fea0000, 0x13dbc390, 0x13dbc400, 0x15839000)
 Metaspace       used 23070K, capacity 23682K, committed 23808K, reserved 23936K
}

