# JRE version: Java(TM) SE Runtime Environment (8.0_191-b12) (build 1.8.0_191-b12)
# Java VM: Java HotSpot(TM) Client VM (25.191-b12 mixed mode windows-x86 )
Heap:
 def new generation   total 40576K, used 33229K [0x04c00000, 0x07800000, 0x0f6a0000)
  eden space 36096K,  79% used [0x04c00000, 0x06813788, 0x06f40000)
  from space 4480K, 100% used [0x073a0000, 0x07800000, 0x07800000)
  to   space 4480K,   0% used [0x06f40000, 0x06f40000, 0x073a0000)
 tenured generation   total 89988K, used 63957K [0x0f6a0000, 0x14e81000, 0x24c00000)
   the space 89988K,  71% used [0x0f6a0000, 0x135154a8, 0x13515600, 0x14e81000)
 Metaspace       used 23966K, capacity 24763K, committed 24832K, reserved 24960K
GC Heap History (10 events):
Event: 3.772 GC heap before
{Heap before GC invocations=7 (full 1):
 def new generation   total 39424K, used 38266K [0x04c00000, 0x076c0000, 0x0f6a0000)
  eden space 35072K, 100% used [0x04c00000, 0x06e40000, 0x06e40000)
  from space 4352K,  73% used [0x07280000, 0x0759e860, 0x076c0000)
  to   space 4352K,   0% used [0x06e40000, 0x06e40000, 0x07280000)
 tenured generation   total 87424K, used 43072K [0x0f6a0000, 0x14c00000, 0x24c00000)
   the space 87424K,  49% used [0x0f6a0000, 0x120b0128, 0x120b0200, 0x14c00000)
 Metaspace       used 18053K, capacity 18466K, committed 18560K, reserved 18816K
Event: 3.780 GC heap after
Heap after GC invocations=8 (full 1):
 def new generation   total 39424K, used 1631K [0x04c00000, 0x076c0000, 0x0f6a0000)
  eden space 35072K,   0% used [0x04c00000, 0x04c00000, 0x06e40000)
  from space 4352K,  37% used [0x06e40000, 0x06fd7cf0, 0x07280000)
  to   space 4352K,   0% used [0x07280000, 0x07280000, 0x076c0000)
 tenured generation   total 87424K, used 45398K [0x0f6a0000, 0x14c00000, 0x24c00000)
   the space 87424K,  51% used [0x0f6a0000, 0x122f5988, 0x122f5a00, 0x14c00000)
 Metaspace       used 18053K, capacity 18466K, committed 18560K, reserved 18816K
}
Event: 4.779 GC heap before
{Heap before GC invocations=8 (full 1):
 def new generation   total 39424K, used 36703K [0x04c00000, 0x076c0000, 0x0f6a0000)
  eden space 35072K, 100% used [0x04c00000, 0x06e40000, 0x06e40000)
  from space 4352K,  37% used [0x06e40000, 0x06fd7cf0, 0x07280000)
  to   space 4352K,   0% used [0x07280000, 0x07280000, 0x076c0000)
 tenured generation   total 87424K, used 45398K [0x0f6a0000, 0x14c00000, 0x24c00000)
   the space 87424K,  51% used [0x0f6a0000, 0x122f5988, 0x122f5a00, 0x14c00000)
 Metaspace       used 18761K, capacity 19197K, committed 19328K, reserved 19840K
Event: 4.791 GC heap after
Heap after GC invocations=9 (full 1):
 def new generation   total 39424K, used 3256K [0x04c00000, 0x076c0000, 0x0f6a0000)
  eden space 35072K,   0% used [0x04c00000, 0x04c00000, 0x06e40000)
  from space 4352K,  74% used [0x07280000, 0x075ae0a0, 0x076c0000)
  to   space 4352K,   0% used [0x06e40000, 0x06e40000, 0x07280000)
 tenured generation   total 87424K, used 45398K [0x0f6a0000, 0x14c00000, 0x24c00000)
   the space 87424K,  51% used [0x0f6a0000, 0x122f5988, 0x122f5a00, 0x14c00000)
 Metaspace       used 18761K, capacity 19197K, committed 19328K, reserved 19840K
}
Event: 6.194 GC heap before
{Heap before GC invocations=9 (full 1):
 def new generation   total 39424K, used 38328K [0x04c00000, 0x076c0000, 0x0f6a0000)
  eden space 35072K, 100% used [0x04c00000, 0x06e40000, 0x06e40000)
  from space 4352K,  74% used [0x07280000, 0x075ae0a0, 0x076c0000)
  to   space 4352K,   0% used [0x06e40000, 0x06e40000, 0x07280000)
 tenured generation   total 87424K, used 45398K [0x0f6a0000, 0x14c00000, 0x24c00000)
   the space 87424K,  51% used [0x0f6a0000, 0x122f5988, 0x122f5a00, 0x14c00000)
 Metaspace       used 18972K, capacity 19496K, committed 19584K, reserved 19840K
Event: 6.209 GC heap after
Heap after GC invocations=10 (full 1):
 def new generation   total 39424K, used 4352K [0x04c00000, 0x076c0000, 0x0f6a0000)
  eden space 35072K,   0% used [0x04c00000, 0x04c00000, 0x06e40000)
  from space 4352K, 100% used [0x06e40000, 0x07280000, 0x07280000)
  to   space 4352K,   0% used [0x07280000, 0x07280000, 0x076c0000)
 tenured generation   total 87424K, used 48685K [0x0f6a0000, 0x14c00000, 0x24c00000)
   the space 87424K,  55% used [0x0f6a0000, 0x1262b7f0, 0x1262b800, 0x14c00000)
 Metaspace       used 18972K, capacity 19496K, committed 19584K, reserved 19840K
}
Event: 7.356 GC heap before
{Heap before GC invocations=10 (full 1):
 def new generation   total 39424K, used 34373K [0x04c00000, 0x076c0000, 0x0f6a0000)
  eden space 35072K,  85% used [0x04c00000, 0x06951740, 0x06e40000)
  from space 4352K, 100% used [0x06e40000, 0x07280000, 0x07280000)
  to   space 4352K,   0% used [0x07280000, 0x07280000, 0x076c0000)
 tenured generation   total 87424K, used 48685K [0x0f6a0000, 0x14c00000, 0x24c00000)
   the space 87424K,  55% used [0x0f6a0000, 0x1262b7f0, 0x1262b800, 0x14c00000)
 Metaspace       used 19882K, capacity 20447K, committed 20480K, reserved 20864K
Event: 7.464 GC heap after
Heap after GC invocations=11 (full 2):
 def new generation   total 40576K, used 0K [0x04c00000, 0x07800000, 0x0f6a0000)
  eden space 36096K,   0% used [0x04c00000, 0x04c00000, 0x06f40000)
  from space 4480K,   0% used [0x06f40000, 0x06f40000, 0x073a0000)
  to   space 4480K,   0% used [0x073a0000, 0x073a0000, 0x07800000)
 tenured generation   total 89988K, used 53991K [0x0f6a0000, 0x14e81000, 0x24c00000)
   the space 89988K,  59% used [0x0f6a0000, 0x12b59de8, 0x12b59e00, 0x14e81000)
 Metaspace       used 19882K, capacity 20447K, committed 20480K, reserved 20864K
}
Event: 8.187 GC heap before
{Heap before GC invocations=11 (full 2):
 def new generation   total 40576K, used 35900K [0x04c00000, 0x07800000, 0x0f6a0000)
  eden space 36096K,  99% used [0x04c00000, 0x06f0f330, 0x06f40000)
  from space 4480K,   0% used [0x06f40000, 0x06f40000, 0x073a0000)
  to   space 4480K,   0% used [0x073a0000, 0x073a0000, 0x07800000)
 tenured generation   total 89988K, used 53991K [0x0f6a0000, 0x14e81000, 0x24c00000)
   the space 89988K,  59% used [0x0f6a0000, 0x12b59de8, 0x12b59e00, 0x14e81000)
 Metaspace       used 23654K, capacity 24284K, committed 24320K, reserved 24960K
Event: 8.216 GC heap after
Heap after GC invocations=12 (full 2):
 def new generation   total 40576K, used 4480K [0x04c00000, 0x07800000, 0x0f6a0000)
  eden space 36096K,   0% used [0x04c00000, 0x04c00000, 0x06f40000)
  from space 4480K, 100% used [0x073a0000, 0x07800000, 0x07800000)
  to   space 4480K,   0% used [0x06f40000, 0x06f40000, 0x073a0000)
 tenured generation   total 89988K, used 63957K [0x0f6a0000, 0x14e81000, 0x24c00000)
   the space 89988K,  71% used [0x0f6a0000, 0x135154a8, 0x13515600, 0x14e81000)
 Metaspace       used 23654K, capacity 24284K, committed 24320K, reserved 24960K
}

