# JRE version: Java(TM) SE Runtime Environment (8.0_191-b12) (build 1.8.0_191-b12)
# Java VM: Java HotSpot(TM) Client VM (25.191-b12 mixed mode windows-x86 )
Heap:
 def new generation   total 47808K, used 15685K [0x04a00000, 0x07dd0000, 0x0f4a0000)
  eden space 42560K,  29% used [0x04a00000, 0x056719e0, 0x07390000)
  from space 5248K,  56% used [0x078b0000, 0x07b8fca0, 0x07dd0000)
  to   space 5248K,   0% used [0x07390000, 0x07390000, 0x078b0000)
 tenured generation   total 105940K, used 64546K [0x0f4a0000, 0x15c15000, 0x24a00000)
   the space 105940K,  60% used [0x0f4a0000, 0x133a8be8, 0x133a8c00, 0x15c15000)
 Metaspace       used 24828K, capacity 25513K, committed 25856K, reserved 25984K
GC Heap History (10 events):
Event: 22492.226 GC heap before
{Heap before GC invocations=94 (full 3):
 def new generation   total 47808K, used 42784K [0x04a00000, 0x07dd0000, 0x0f4a0000)
  eden space 42560K, 100% used [0x04a00000, 0x07390000, 0x07390000)
  from space 5248K,   4% used [0x07390000, 0x073c8298, 0x078b0000)
  to   space 5248K,   0% used [0x078b0000, 0x078b0000, 0x07dd0000)
 tenured generation   total 105940K, used 64531K [0x0f4a0000, 0x15c15000, 0x24a00000)
   the space 105940K,  60% used [0x0f4a0000, 0x133a4c20, 0x133a4e00, 0x15c15000)
 Metaspace       used 24689K, capacity 25365K, committed 25728K, reserved 25984K
Event: 22492.228 GC heap after
Heap after GC invocations=95 (full 3):
 def new generation   total 47808K, used 156K [0x04a00000, 0x07dd0000, 0x0f4a0000)
  eden space 42560K,   0% used [0x04a00000, 0x04a00000, 0x07390000)
  from space 5248K,   2% used [0x078b0000, 0x078d7230, 0x07dd0000)
  to   space 5248K,   0% used [0x07390000, 0x07390000, 0x078b0000)
 tenured generation   total 105940K, used 64546K [0x0f4a0000, 0x15c15000, 0x24a00000)
   the space 105940K,  60% used [0x0f4a0000, 0x133a8be8, 0x133a8c00, 0x15c15000)
 Metaspace       used 24689K, capacity 25365K, committed 25728K, reserved 25984K
}
Event: 22801.660 GC heap before
{Heap before GC invocations=95 (full 3):
 def new generation   total 47808K, used 42716K [0x04a00000, 0x07dd0000, 0x0f4a0000)
  eden space 42560K, 100% used [0x04a00000, 0x07390000, 0x07390000)
  from space 5248K,   2% used [0x078b0000, 0x078d7230, 0x07dd0000)
  to   space 5248K,   0% used [0x07390000, 0x07390000, 0x078b0000)
 tenured generation   total 105940K, used 64546K [0x0f4a0000, 0x15c15000, 0x24a00000)
   the space 105940K,  60% used [0x0f4a0000, 0x133a8be8, 0x133a8c00, 0x15c15000)
 Metaspace       used 24689K, capacity 25365K, committed 25728K, reserved 25984K
Event: 22801.662 GC heap after
Heap after GC invocations=96 (full 3):
 def new generation   total 47808K, used 282K [0x04a00000, 0x07dd0000, 0x0f4a0000)
  eden space 42560K,   0% used [0x04a00000, 0x04a00000, 0x07390000)
  from space 5248K,   5% used [0x07390000, 0x073d6810, 0x078b0000)
  to   space 5248K,   0% used [0x078b0000, 0x078b0000, 0x07dd0000)
 tenured generation   total 105940K, used 64546K [0x0f4a0000, 0x15c15000, 0x24a00000)
   the space 105940K,  60% used [0x0f4a0000, 0x133a8be8, 0x133a8c00, 0x15c15000)
 Metaspace       used 24689K, capacity 25365K, committed 25728K, reserved 25984K
}
Event: 23152.278 GC heap before
{Heap before GC invocations=96 (full 3):
 def new generation   total 47808K, used 42842K [0x04a00000, 0x07dd0000, 0x0f4a0000)
  eden space 42560K, 100% used [0x04a00000, 0x07390000, 0x07390000)
  from space 5248K,   5% used [0x07390000, 0x073d6810, 0x078b0000)
  to   space 5248K,   0% used [0x078b0000, 0x078b0000, 0x07dd0000)
 tenured generation   total 105940K, used 64546K [0x0f4a0000, 0x15c15000, 0x24a00000)
   the space 105940K,  60% used [0x0f4a0000, 0x133a8be8, 0x133a8c00, 0x15c15000)
 Metaspace       used 24689K, capacity 25365K, committed 25728K, reserved 25984K
Event: 23152.280 GC heap after
Heap after GC invocations=97 (full 3):
 def new generation   total 47808K, used 152K [0x04a00000, 0x07dd0000, 0x0f4a0000)
  eden space 42560K,   0% used [0x04a00000, 0x04a00000, 0x07390000)
  from space 5248K,   2% used [0x078b0000, 0x078d6288, 0x07dd0000)
  to   space 5248K,   0% used [0x07390000, 0x07390000, 0x078b0000)
 tenured generation   total 105940K, used 64546K [0x0f4a0000, 0x15c15000, 0x24a00000)
   the space 105940K,  60% used [0x0f4a0000, 0x133a8be8, 0x133a8c00, 0x15c15000)
 Metaspace       used 24689K, capacity 25365K, committed 25728K, reserved 25984K
}
Event: 23474.289 GC heap before
{Heap before GC invocations=97 (full 3):
 def new generation   total 47808K, used 42712K [0x04a00000, 0x07dd0000, 0x0f4a0000)
  eden space 42560K, 100% used [0x04a00000, 0x07390000, 0x07390000)
  from space 5248K,   2% used [0x078b0000, 0x078d6288, 0x07dd0000)
  to   space 5248K,   0% used [0x07390000, 0x07390000, 0x078b0000)
 tenured generation   total 105940K, used 64546K [0x0f4a0000, 0x15c15000, 0x24a00000)
   the space 105940K,  60% used [0x0f4a0000, 0x133a8be8, 0x133a8c00, 0x15c15000)
 Metaspace       used 24689K, capacity 25365K, committed 25728K, reserved 25984K
Event: 23474.290 GC heap after
Heap after GC invocations=98 (full 3):
 def new generation   total 47808K, used 109K [0x04a00000, 0x07dd0000, 0x0f4a0000)
  eden space 42560K,   0% used [0x04a00000, 0x04a00000, 0x07390000)
  from space 5248K,   2% used [0x07390000, 0x073ab6c0, 0x078b0000)
  to   space 5248K,   0% used [0x078b0000, 0x078b0000, 0x07dd0000)
 tenured generation   total 105940K, used 64546K [0x0f4a0000, 0x15c15000, 0x24a00000)
   the space 105940K,  60% used [0x0f4a0000, 0x133a8be8, 0x133a8c00, 0x15c15000)
 Metaspace       used 24689K, capacity 25365K, committed 25728K, reserved 25984K
}
Event: 23745.375 GC heap before
{Heap before GC invocations=98 (full 3):
 def new generation   total 47808K, used 42669K [0x04a00000, 0x07dd0000, 0x0f4a0000)
  eden space 42560K, 100% used [0x04a00000, 0x07390000, 0x07390000)
  from space 5248K,   2% used [0x07390000, 0x073ab6c0, 0x078b0000)
  to   space 5248K,   0% used [0x078b0000, 0x078b0000, 0x07dd0000)
 tenured generation   total 105940K, used 64546K [0x0f4a0000, 0x15c15000, 0x24a00000)
   the space 105940K,  60% used [0x0f4a0000, 0x133a8be8, 0x133a8c00, 0x15c15000)
 Metaspace       used 24767K, capacity 25449K, committed 25728K, reserved 25984K
Event: 23745.382 GC heap after
Heap after GC invocations=99 (full 3):
 def new generation   total 47808K, used 2943K [0x04a00000, 0x07dd0000, 0x0f4a0000)
  eden space 42560K,   0% used [0x04a00000, 0x04a00000, 0x07390000)
  from space 5248K,  56% used [0x078b0000, 0x07b8fca0, 0x07dd0000)
  to   space 5248K,   0% used [0x07390000, 0x07390000, 0x078b0000)
 tenured generation   total 105940K, used 64546K [0x0f4a0000, 0x15c15000, 0x24a00000)
   the space 105940K,  60% used [0x0f4a0000, 0x133a8be8, 0x133a8c00, 0x15c15000)
 Metaspace       used 24767K, capacity 25449K, committed 25728K, reserved 25984K
}

