# JRE version: Java(TM) SE Runtime Environment (8.0_191-b12) (build 1.8.0_191-b12)
# Java VM: Java HotSpot(TM) Client VM (25.191-b12 mixed mode windows-x86 )
Heap:
 def new generation   total 41408K, used 11033K [0x05400000, 0x080e0000, 0x0fea0000)
  eden space 36864K,  17% used [0x05400000, 0x05a56680, 0x07800000)
  from space 4544K, 100% used [0x07c70000, 0x080e0000, 0x080e0000)
  to   space 4544K,   0% used [0x07800000, 0x07800000, 0x07c70000)
 tenured generation   total 91732K, used 64554K [0x0fea0000, 0x15835000, 0x25400000)
   the space 91732K,  70% used [0x0fea0000, 0x13daaa18, 0x13daac00, 0x15835000)
 Metaspace       used 23643K, capacity 24228K, committed 24320K, reserved 24960K
GC Heap History (10 events):
Event: 13.086 GC heap before
{Heap before GC invocations=20 (full 1):
 def new generation   total 39424K, used 35710K [0x05400000, 0x07ec0000, 0x0fea0000)
  eden space 35072K, 100% used [0x05400000, 0x07640000, 0x07640000)
  from space 4352K,  14% used [0x07640000, 0x076dfa08, 0x07a80000)
  to   space 4352K,   0% used [0x07a80000, 0x07a80000, 0x07ec0000)
 tenured generation   total 87424K, used 45977K [0x0fea0000, 0x15400000, 0x25400000)
   the space 87424K,  52% used [0x0fea0000, 0x12b86738, 0x12b86800, 0x15400000)
 Metaspace       used 17212K, capacity 17628K, committed 17664K, reserved 17792K
Event: 13.100 GC heap after
Heap after GC invocations=21 (full 1):
 def new generation   total 39424K, used 3021K [0x05400000, 0x07ec0000, 0x0fea0000)
  eden space 35072K,   0% used [0x05400000, 0x05400000, 0x07640000)
  from space 4352K,  69% used [0x07a80000, 0x07d73620, 0x07ec0000)
  to   space 4352K,   0% used [0x07640000, 0x07640000, 0x07a80000)
 tenured generation   total 87424K, used 45977K [0x0fea0000, 0x15400000, 0x25400000)
   the space 87424K,  52% used [0x0fea0000, 0x12b86738, 0x12b86800, 0x15400000)
 Metaspace       used 17212K, capacity 17628K, committed 17664K, reserved 17792K
}
Event: 14.718 GC heap before
{Heap before GC invocations=21 (full 1):
 def new generation   total 39424K, used 38093K [0x05400000, 0x07ec0000, 0x0fea0000)
  eden space 35072K, 100% used [0x05400000, 0x07640000, 0x07640000)
  from space 4352K,  69% used [0x07a80000, 0x07d73620, 0x07ec0000)
  to   space 4352K,   0% used [0x07640000, 0x07640000, 0x07a80000)
 tenured generation   total 87424K, used 45977K [0x0fea0000, 0x15400000, 0x25400000)
   the space 87424K,  52% used [0x0fea0000, 0x12b86738, 0x12b86800, 0x15400000)
 Metaspace       used 17220K, capacity 17630K, committed 17664K, reserved 17792K
Event: 14.735 GC heap after
Heap after GC invocations=22 (full 1):
 def new generation   total 39424K, used 4014K [0x05400000, 0x07ec0000, 0x0fea0000)
  eden space 35072K,   0% used [0x05400000, 0x05400000, 0x07640000)
  from space 4352K,  92% used [0x07640000, 0x07a2baa0, 0x07a80000)
  to   space 4352K,   0% used [0x07a80000, 0x07a80000, 0x07ec0000)
 tenured generation   total 87424K, used 48715K [0x0fea0000, 0x15400000, 0x25400000)
   the space 87424K,  55% used [0x0fea0000, 0x12e32ee0, 0x12e33000, 0x15400000)
 Metaspace       used 17220K, capacity 17630K, committed 17664K, reserved 17792K
}
Event: 16.231 GC heap before
{Heap before GC invocations=22 (full 1):
 def new generation   total 39424K, used 39086K [0x05400000, 0x07ec0000, 0x0fea0000)
  eden space 35072K, 100% used [0x05400000, 0x07640000, 0x07640000)
  from space 4352K,  92% used [0x07640000, 0x07a2baa0, 0x07a80000)
  to   space 4352K,   0% used [0x07a80000, 0x07a80000, 0x07ec0000)
 tenured generation   total 87424K, used 48715K [0x0fea0000, 0x15400000, 0x25400000)
   the space 87424K,  55% used [0x0fea0000, 0x12e32ee0, 0x12e33000, 0x15400000)
 Metaspace       used 17336K, capacity 17852K, committed 17920K, reserved 18816K
Event: 16.247 GC heap after
Heap after GC invocations=23 (full 1):
 def new generation   total 39424K, used 4162K [0x05400000, 0x07ec0000, 0x0fea0000)
  eden space 35072K,   0% used [0x05400000, 0x05400000, 0x07640000)
  from space 4352K,  95% used [0x07a80000, 0x07e90bf0, 0x07ec0000)
  to   space 4352K,   0% used [0x07640000, 0x07640000, 0x07a80000)
 tenured generation   total 87424K, used 50619K [0x0fea0000, 0x15400000, 0x25400000)
   the space 87424K,  57% used [0x0fea0000, 0x1300ec20, 0x1300ee00, 0x15400000)
 Metaspace       used 17336K, capacity 17852K, committed 17920K, reserved 18816K
}
Event: 16.514 GC heap before
{Heap before GC invocations=23 (full 1):
 def new generation   total 39424K, used 22179K [0x05400000, 0x07ec0000, 0x0fea0000)
  eden space 35072K,  51% used [0x05400000, 0x06598290, 0x07640000)
  from space 4352K,  95% used [0x07a80000, 0x07e90bf0, 0x07ec0000)
  to   space 4352K,   0% used [0x07640000, 0x07640000, 0x07a80000)
 tenured generation   total 87424K, used 50619K [0x0fea0000, 0x15400000, 0x25400000)
   the space 87424K,  57% used [0x0fea0000, 0x1300ec20, 0x1300ee00, 0x15400000)
 Metaspace       used 19888K, capacity 20424K, committed 20480K, reserved 20864K
Event: 16.622 GC heap after
Heap after GC invocations=24 (full 2):
 def new generation   total 41408K, used 0K [0x05400000, 0x080e0000, 0x0fea0000)
  eden space 36864K,   0% used [0x05400000, 0x05400000, 0x07800000)
  from space 4544K,   0% used [0x07800000, 0x07800000, 0x07c70000)
  to   space 4544K,   0% used [0x07c70000, 0x07c70000, 0x080e0000)
 tenured generation   total 91732K, used 55037K [0x0fea0000, 0x15835000, 0x25400000)
   the space 91732K,  59% used [0x0fea0000, 0x1345f638, 0x1345f800, 0x15835000)
 Metaspace       used 19888K, capacity 20424K, committed 20480K, reserved 20864K
}
Event: 17.490 GC heap before
{Heap before GC invocations=24 (full 2):
 def new generation   total 41408K, used 36864K [0x05400000, 0x080e0000, 0x0fea0000)
  eden space 36864K, 100% used [0x05400000, 0x07800000, 0x07800000)
  from space 4544K,   0% used [0x07800000, 0x07800000, 0x07c70000)
  to   space 4544K,   0% used [0x07c70000, 0x07c70000, 0x080e0000)
 tenured generation   total 91732K, used 55037K [0x0fea0000, 0x15835000, 0x25400000)
   the space 91732K,  59% used [0x0fea0000, 0x1345f638, 0x1345f800, 0x15835000)
 Metaspace       used 22993K, capacity 23586K, committed 23680K, reserved 23936K
Event: 17.508 GC heap after
Heap after GC invocations=25 (full 2):
 def new generation   total 41408K, used 4544K [0x05400000, 0x080e0000, 0x0fea0000)
  eden space 36864K,   0% used [0x05400000, 0x05400000, 0x07800000)
  from space 4544K, 100% used [0x07c70000, 0x080e0000, 0x080e0000)
  to   space 4544K,   0% used [0x07800000, 0x07800000, 0x07c70000)
 tenured generation   total 91732K, used 64554K [0x0fea0000, 0x15835000, 0x25400000)
   the space 91732K,  70% used [0x0fea0000, 0x13daaa18, 0x13daac00, 0x15835000)
 Metaspace       used 22993K, capacity 23586K, committed 23680K, reserved 23936K
}

